Determining if the pthread_create exist failed with the following output:
Change Dir: /home/yipuzhao/ros_workspace/package_dir/pips/build/CMakeFiles/CMakeTmp

Run Build Command:"/usr/bin/make" "cmTryCompileExec2108107431/fast"
/usr/bin/make -f CMakeFiles/cmTryCompileExec2108107431.dir/build.make CMakeFiles/cmTryCompileExec2108107431.dir/build
make[1]: Entering directory `/home/yipuzhao/ros_workspace/package_dir/pips/build/CMakeFiles/CMakeTmp'
/usr/bin/cmake -E cmake_progress_report /home/yipuzhao/ros_workspace/package_dir/pips/build/CMakeFiles/CMakeTmp/CMakeFiles 1
Building C object CMakeFiles/cmTryCompileExec2108107431.dir/CheckSymbolExists.c.o
/usr/bin/cc    -o CMakeFiles/cmTryCompileExec2108107431.dir/CheckSymbolExists.c.o   -c /home/yipuzhao/ros_workspace/package_dir/pips/build/CMakeFiles/CMakeTmp/CheckSymbolExists.c
Linking C executable cmTryCompileExec2108107431
/usr/bin/cmake -E cmake_link_script CMakeFiles/cmTryCompileExec2108107431.dir/link.txt --verbose=1
/usr/bin/cc       CMakeFiles/cmTryCompileExec2108107431.dir/CheckSymbolExists.c.o  -o cmTryCompileExec2108107431 -rdynamic 
CMakeFiles/cmTryCompileExec2108107431.dir/CheckSymbolExists.c.o: In function `main':
CheckSymbolExists.c:(.text+0x16): undefined reference to `pthread_create'
collect2: error: ld returned 1 exit status
make[1]: Leaving directory `/home/yipuzhao/ros_workspace/package_dir/pips/build/CMakeFiles/CMakeTmp'
make[1]: *** [cmTryCompileExec2108107431] Error 1
make: *** [cmTryCompileExec2108107431/fast] Error 2

File /home/yipuzhao/ros_workspace/package_dir/pips/build/CMakeFiles/CMakeTmp/CheckSymbolExists.c:
/* */
#include <pthread.h>

int main(int argc, char** argv)
{
  (void)argv;
#ifndef pthread_create
  return ((int*)(&pthread_create))[argc];
#else
  (void)argc;
  return 0;
#endif
}

Determining if the function pthread_create exists in the pthreads failed with the following output:
Change Dir: /home/yipuzhao/ros_workspace/package_dir/pips/build/CMakeFiles/CMakeTmp

Run Build Command:"/usr/bin/make" "cmTryCompileExec3791656010/fast"
/usr/bin/make -f CMakeFiles/cmTryCompileExec3791656010.dir/build.make CMakeFiles/cmTryCompileExec3791656010.dir/build
make[1]: Entering directory `/home/yipuzhao/ros_workspace/package_dir/pips/build/CMakeFiles/CMakeTmp'
/usr/bin/cmake -E cmake_progress_report /home/yipuzhao/ros_workspace/package_dir/pips/build/CMakeFiles/CMakeTmp/CMakeFiles 1
Building C object CMakeFiles/cmTryCompileExec3791656010.dir/CheckFunctionExists.c.o
/usr/bin/cc   -DCHECK_FUNCTION_EXISTS=pthread_create   -o CMakeFiles/cmTryCompileExec3791656010.dir/CheckFunctionExists.c.o   -c /usr/share/cmake-3.2/Modules/CheckFunctionExists.c
Linking C executable cmTryCompileExec3791656010
/usr/bin/cmake -E cmake_link_script CMakeFiles/cmTryCompileExec3791656010.dir/link.txt --verbose=1
/usr/bin/cc   -DCHECK_FUNCTION_EXISTS=pthread_create    CMakeFiles/cmTryCompileExec3791656010.dir/CheckFunctionExists.c.o  -o cmTryCompileExec3791656010 -rdynamic -lpthreads 
/usr/bin/ld: cannot find -lpthreads
collect2: error: ld returned 1 exit status
make[1]: Leaving directory `/home/yipuzhao/ros_workspace/package_dir/pips/build/CMakeFiles/CMakeTmp'
make[1]: *** [cmTryCompileExec3791656010] Error 1
make: *** [cmTryCompileExec3791656010/fast] Error 2


